$ rails new snippy -m rails_template.rb -T -O -J
      create  
      create  README
      create  Rakefile
      create  config.ru
      create  .gitignore
      create  Gemfile
      create  app
      create  app/controllers/application_controller.rb
      create  app/helpers/application_helper.rb
      create  app/mailers
      create  app/models
      create  app/views/layouts/application.html.erb
      create  config
      create  config/routes.rb
      create  config/application.rb
      create  config/environment.rb
      create  config/environments
      create  config/environments/development.rb
      create  config/environments/production.rb
      create  config/environments/test.rb
      create  config/initializers
      create  config/initializers/backtrace_silencers.rb
      create  config/initializers/inflections.rb
      create  config/initializers/mime_types.rb
      create  config/initializers/secret_token.rb
      create  config/initializers/session_store.rb
      create  config/locales
      create  config/locales/en.yml
      create  config/boot.rb
      create  db
      create  db/seeds.rb
      create  doc
      create  doc/README_FOR_APP
      create  lib
      create  lib/tasks
      create  lib/tasks/.gitkeep
      create  log
      create  log/server.log
      create  log/production.log
      create  log/development.log
      create  log/test.log
      create  public
      create  public/404.html
      create  public/422.html
      create  public/500.html
      create  public/favicon.ico
      create  public/index.html
      create  public/robots.txt
      create  public/images
      create  public/images/rails.png
      create  public/stylesheets
      create  public/stylesheets/.gitkeep
      create  public/javascripts
      create  public/javascripts/.gitkeep
      create  public/javascripts/application.js
      create  script
      create  script/rails
      create  tmp
      create  tmp/sessions
      create  tmp/sockets
      create  tmp/cache
      create  tmp/pids
      create  vendor/plugins
      create  vendor/plugins/.gitkeep
       apply  /Users/elarsen/Code/Rails/rails_template.rb
 initializer    generators.rb
      recipe    Running Mongoid recipe...
     gemfile    mongoid (>= 2.0.0.beta.19)
      recipe    Running RSpec recipe...
     gemfile    rspec-rails (>= 2.0.1)
      insert    config/initializers/generators.rb
      recipe    Running Cucumber recipe...
     gemfile    cucumber-rails
     gemfile    capybara
      recipe    Running jQuery recipe...
      create    public/javascripts/rails.js
      create    public/javascripts/jquery.js
        gsub    config/application.rb
        gsub    config/application.rb
      recipe    Running Devise recipe...
     gemfile    devise
      recipe    Running HAML recipe...
     gemfile    haml (>= 3.0.0)
     gemfile    haml-rails
      recipe    Running SASS recipe...
      wizard    Running Bundler install. This will take a while.
         run    bundle install from "."
Fetching source index for http://rubygems.org/
Using rake (0.8.7) 
Using abstract (1.0.0) 
Using activesupport (3.0.5) 
Using builder (2.1.2) 
Using i18n (0.5.0) 
Using activemodel (3.0.5) 
Using erubis (2.6.6) 
Using rack (1.2.1) 
Using rack-mount (0.6.13) 
Using rack-test (0.5.7) 
Using tzinfo (0.3.24) 
Using actionpack (3.0.5) 
Using mime-types (1.16) 
Using polyglot (0.3.1) 
Using treetop (1.4.9) 
Using mail (2.2.15) 
Using actionmailer (3.0.5) 
Using arel (2.0.9) 
Using activerecord (3.0.5) 
Using activeresource (3.0.5) 
Using bcrypt-ruby (2.1.4) 
Using bson (1.2.4) 
Using bundler (1.0.10) 
Using celerity (0.8.8) 
Using culerity (0.2.15) 
Using nokogiri (1.4.4) 
Using ffi (0.6.3) 
Using childprocess (0.1.7) 
Using json_pure (1.5.1) 
Using rubyzip (0.9.4) 
Using selenium-webdriver (0.1.3) 
Using xpath (0.1.3) 
Using capybara (0.4.1.2) 
Using diff-lcs (1.1.2) 
Using json (1.4.6) 
Using gherkin (2.3.3) 
Using term-ansicolor (1.0.5) 
Using cucumber (0.10.0) 
Using cucumber-rails (0.3.2) 
Using warden (1.0.3) 
Using devise (1.1.7) 
Using haml (3.0.25) 
Using thor (0.14.6) 
Using railties (3.0.5) 
Using haml-rails (0.3.4) 
Using mongo (1.2.4) 
Using will_paginate (3.0.pre2) 
Using mongoid (2.0.0.rc.7) 
Using rails (3.0.5) 
Using rspec-core (2.5.1) 
Using rspec-expectations (2.5.0) 
Using rspec-mocks (2.5.0) 
Using rspec (2.5.0) 
Using rspec-rails (2.5.0) 
Your bundle is complete! Use `bundle show [gemname]` to see where a bundled gem is installed.
      wizard    Running after Bundler callbacks.
    generate    mongoid:config

**Notice: C extension not loaded. This is required for optimum MongoDB Ruby driver performance.
  You can install the extension as follows:
  gem install bson_ext

  If you continue to receive this message after installing, make sure that the
  bson_ext gem is in your load path and that the bson_ext and mongo gems are of the same version.


Mongoid config not found. Create a config file at: config/mongoid.yml
to generate one run: rails generate mongoid:config

      create  config/mongoid.yml
    generate    rspec:install

**Notice: C extension not loaded. This is required for optimum MongoDB Ruby driver performance.
  You can install the extension as follows:
  gem install bson_ext

  If you continue to receive this message after installing, make sure that the
  bson_ext gem is in your load path and that the bson_ext and mongo gems are of the same version.

      create  .rspec
      create  spec
      create  spec/spec_helper.rb
    generate    cucumber:install --capybara --rspec -D

**Notice: C extension not loaded. This is required for optimum MongoDB Ruby driver performance.
  You can install the extension as follows:
  gem install bson_ext

  If you continue to receive this message after installing, make sure that the
  bson_ext gem is in your load path and that the bson_ext and mongo gems are of the same version.

      create  config/cucumber.yml
      create  script/cucumber
       chmod  script/cucumber
      create  features/step_definitions
      create  features/step_definitions/web_steps.rb
      create  features/support
      create  features/support/paths.rb
      create  features/support/env.rb
       exist  lib/tasks
      create  lib/tasks/cucumber.rake
    generate    devise:install

**Notice: C extension not loaded. This is required for optimum MongoDB Ruby driver performance.
  You can install the extension as follows:
  gem install bson_ext

  If you continue to receive this message after installing, make sure that the
  bson_ext gem is in your load path and that the bson_ext and mongo gems are of the same version.

      create  config/initializers/devise.rb
      create  config/locales/devise.en.yml

===============================================================================

Some setup you must do manually if you haven't yet:

  1. Setup default url options for your specific environment. Here is an
     example of development environment:

       config.action_mailer.default_url_options = { :host => 'localhost:3000' }

     This is a required Rails configuration. In production it must be the
     actual host of your application

  2. Ensure you have defined root_url to *something* in your config/routes.rb.
     For example:

       root :to => "home#index"

  3. Ensure you have flash messages in app/views/layouts/application.html.erb.
     For example:

       <p class="notice"><%= notice %></p>
       <p class="alert"><%= alert %></p>

===============================================================================
        gsub    config/intializers/devise.rb

